<?xml version="1.0" encoding="UTF-8"?>
<robot generator="Robot 7.0 (Python 3.12.1 on win32)" generated="2025-07-29T12:32:54.814468" rpa="false" schemaversion="5">
<suite id="s1" name="THwatsadu" source="c:\Users\User\Desktop\Webautomate01\Webautomate\Testcase\THwatsadu.robot">
<kw name="Open Browser" owner="SeleniumLibrary" type="SETUP">
<msg time="2025-07-29T12:32:55.252622" level="INFO">Opening browser 'gc' to base url 'https://www.thaiwatsadu.com/'.</msg>
<arg>${Urlthaiwatsadu}</arg>
<arg>gc</arg>
<doc>Opens a new browser instance to the optional ``url``.</doc>
<status status="PASS" start="2025-07-29T12:32:55.252622" elapsed="5.771682"/>
</kw>
<test id="s1-t1" name="Click to continue" line="14">
<kw name="Sleep" owner="BuiltIn">
<msg time="2025-07-29T12:33:06.034527" level="INFO">Slept 5 seconds.</msg>
<arg>5s</arg>
<doc>Pauses the test executed for the given time.</doc>
<status status="PASS" start="2025-07-29T12:33:01.030889" elapsed="5.004809"/>
</kw>
<kw name="Click element" owner="CommonKeywords">
<kw name="Wait Until Keyword Succeeds" owner="BuiltIn">
<kw name="Click element" owner="CommonKeywords">
<kw name="Wait Until Keyword Succeeds" owner="BuiltIn">
<kw name="Click element" owner="CommonKeywords">
<kw name="Wait Until Keyword Succeeds" owner="BuiltIn">
<kw name="Click element" owner="CommonKeywords">
<kw name="Wait Until Keyword Succeeds" owner="BuiltIn">
<kw name="Click element" owner="CommonKeywords">
<kw name="Wait Until Keyword Succeeds" owner="BuiltIn">
<kw name="Click element" owner="CommonKeywords">
<kw name="Wait Until Keyword Succeeds" owner="BuiltIn">
<kw name="Click element" owner="CommonKeywords">
<kw name="Wait Until Keyword Succeeds" owner="BuiltIn">
<kw name="Click element" owner="CommonKeywords">
<kw name="Wait Until Keyword Succeeds" owner="BuiltIn">
<kw name="Click element" owner="CommonKeywords">
<kw name="Wait Until Keyword Succeeds" owner="BuiltIn">
<kw name="Click element" owner="CommonKeywords">
<kw name="Wait Until Keyword Succeeds" owner="BuiltIn">
<kw name="Click element" owner="CommonKeywords">
<kw name="Wait Until Keyword Succeeds" owner="BuiltIn">
<kw name="Click element" owner="CommonKeywords">
<kw name="Wait Until Keyword Succeeds" owner="BuiltIn">
<kw name="Click element" owner="CommonKeywords">
<kw name="Wait Until Keyword Succeeds" owner="BuiltIn">
<kw name="Click element" owner="CommonKeywords">
<kw name="Wait Until Keyword Succeeds" owner="BuiltIn">
<kw name="Click element" owner="CommonKeywords">
<kw name="Wait Until Keyword Succeeds" owner="BuiltIn">
<kw name="Click element" owner="CommonKeywords">
<kw name="Wait Until Keyword Succeeds" owner="BuiltIn">
<kw name="Click element" owner="CommonKeywords">
<kw name="Wait Until Keyword Succeeds" owner="BuiltIn">
<kw name="Click element" owner="CommonKeywords">
<kw name="Wait Until Keyword Succeeds" owner="BuiltIn">
<kw name="Click element" owner="CommonKeywords">
<kw name="Wait Until Keyword Succeeds" owner="BuiltIn">
<kw name="Click element" owner="CommonKeywords">
<kw name="Wait Until Keyword Succeeds" owner="BuiltIn">
<kw name="Click element" owner="CommonKeywords">
<kw name="Wait Until Keyword Succeeds" owner="BuiltIn">
<kw name="Click element" owner="CommonKeywords">
<kw name="Wait Until Keyword Succeeds" owner="BuiltIn">
<kw name="Click element" owner="CommonKeywords">
<kw name="Wait Until Keyword Succeeds" owner="BuiltIn">
<kw name="Click element" owner="CommonKeywords">
<kw name="Wait Until Keyword Succeeds" owner="BuiltIn">
<kw name="Click element" owner="CommonKeywords">
<kw name="Wait Until Keyword Succeeds" owner="BuiltIn">
<kw name="Click element" owner="CommonKeywords">
<kw name="Wait Until Keyword Succeeds" owner="BuiltIn">
<kw name="Click element" owner="CommonKeywords">
<kw name="Wait Until Keyword Succeeds" owner="BuiltIn">
<kw name="Click element" owner="CommonKeywords">
<kw name="Wait Until Keyword Succeeds" owner="BuiltIn">
<kw name="Click element" owner="CommonKeywords">
<kw name="Wait Until Keyword Succeeds" owner="BuiltIn">
<kw name="Click element" owner="CommonKeywords">
<kw name="Wait Until Keyword Succeeds" owner="BuiltIn">
<kw name="Click element" owner="CommonKeywords">
<kw name="Wait Until Keyword Succeeds" owner="BuiltIn">
<kw name="Click element" owner="CommonKeywords">
<kw name="Wait Until Keyword Succeeds" owner="BuiltIn">
<kw name="Click element" owner="CommonKeywords">
<kw name="Wait Until Keyword Succeeds" owner="BuiltIn">
<kw name="Click element" owner="CommonKeywords">
<kw name="Wait Until Keyword Succeeds" owner="BuiltIn">
<kw name="Click element" owner="CommonKeywords">
<kw name="Wait Until Keyword Succeeds" owner="BuiltIn">
<kw name="Click element" owner="CommonKeywords">
<kw name="Wait Until Keyword Succeeds" owner="BuiltIn">
<kw name="Click element" owner="CommonKeywords">
<kw name="Wait Until Keyword Succeeds" owner="BuiltIn">
<kw name="Click element" owner="CommonKeywords">
<kw name="Wait Until Keyword Succeeds" owner="BuiltIn">
<kw name="Click element" owner="CommonKeywords">
<kw name="Wait Until Keyword Succeeds" owner="BuiltIn">
<kw name="Click element" owner="CommonKeywords">
<kw name="Wait Until Keyword Succeeds" owner="BuiltIn">
<kw name="Click element" owner="CommonKeywords">
<kw name="Wait Until Keyword Succeeds" owner="BuiltIn">
<kw name="Click element" owner="CommonKeywords">
<kw name="Wait Until Keyword Succeeds" owner="BuiltIn">
<kw name="Click element" owner="CommonKeywords">
<kw name="Wait Until Keyword Succeeds" owner="BuiltIn">
<kw name="Click element" owner="CommonKeywords">
<kw name="Wait Until Keyword Succeeds" owner="BuiltIn">
<kw name="Click element" owner="CommonKeywords">
<kw name="Wait Until Keyword Succeeds" owner="BuiltIn">
<kw name="Click element" owner="CommonKeywords">
<kw name="Wait Until Keyword Succeeds" owner="BuiltIn">
<kw name="Click element" owner="CommonKeywords">
<kw name="Wait Until Keyword Succeeds" owner="BuiltIn">
<kw name="Click element" owner="CommonKeywords">
<kw name="Wait Until Keyword Succeeds" owner="BuiltIn">
<kw name="Click element" owner="CommonKeywords">
<kw name="Wait Until Keyword Succeeds" owner="BuiltIn">
<kw name="Click element" owner="CommonKeywords">
<kw name="Wait Until Keyword Succeeds" owner="BuiltIn">
<msg time="2025-07-29T12:33:06.171827" level="FAIL">Maximum limit of started keywords and control structures exceeded.</msg>
<arg>5x</arg>
<arg>2s</arg>
<arg>Click Element</arg>
<arg>${locator}</arg>
<doc>Runs the specified keyword and retries if it fails.</doc>
<status status="FAIL" start="2025-07-29T12:33:06.169378" elapsed="0.002449">Maximum limit of started keywords and control structures exceeded.</status>
</kw>
<arg>${locator}</arg>
<status status="FAIL" start="2025-07-29T12:33:06.165985" elapsed="0.006908">Maximum limit of started keywords and control structures exceeded.</status>
</kw>
<kw name="Click element" owner="CommonKeywords">
<msg time="2025-07-29T12:33:08.191833" level="FAIL">Maximum limit of started keywords and control structures exceeded.</msg>
<arg>${locator}</arg>
<status status="FAIL" start="2025-07-29T12:33:08.189310" elapsed="0.002523">Maximum limit of started keywords and control structures exceeded.</status>
</kw>
<msg time="2025-07-29T12:33:10.193526" level="FAIL">Maximum limit of started keywords and control structures exceeded.</msg>
<arg>5x</arg>
<arg>2s</arg>
<arg>Click Element</arg>
<arg>${locator}</arg>
<doc>Runs the specified keyword and retries if it fails.</doc>
<status status="FAIL" start="2025-07-29T12:33:06.165985" elapsed="4.027541">Maximum limit of started keywords and control structures exceeded.</status>
</kw>
<arg>${locator}</arg>
<status status="FAIL" start="2025-07-29T12:33:06.164762" elapsed="4.029776">Maximum limit of started keywords and control structures exceeded.</status>
</kw>
<kw name="Click element" owner="CommonKeywords">
<msg time="2025-07-29T12:33:12.195757" level="FAIL">Maximum limit of started keywords and control structures exceeded.</msg>
<arg>${locator}</arg>
<status status="FAIL" start="2025-07-29T12:33:12.194741" elapsed="0.002534">Maximum limit of started keywords and control structures exceeded.</status>
</kw>
<msg time="2025-07-29T12:33:14.197782" level="FAIL">Maximum limit of started keywords and control structures exceeded.</msg>
<arg>5x</arg>
<arg>2s</arg>
<arg>Click Element</arg>
<arg>${locator}</arg>
<doc>Runs the specified keyword and retries if it fails.</doc>
<status status="FAIL" start="2025-07-29T12:33:06.164762" elapsed="8.034636">Maximum limit of started keywords and control structures exceeded.</status>
</kw>
<arg>${locator}</arg>
<status status="FAIL" start="2025-07-29T12:33:06.164251" elapsed="8.035147">Maximum limit of started keywords and control structures exceeded.</status>
</kw>
<kw name="Click element" owner="CommonKeywords">
<msg time="2025-07-29T12:33:16.205833" level="FAIL">Maximum limit of started keywords and control structures exceeded.</msg>
<arg>${locator}</arg>
<status status="FAIL" start="2025-07-29T12:33:16.203853" elapsed="0.001980">Maximum limit of started keywords and control structures exceeded.</status>
</kw>
<msg time="2025-07-29T12:33:18.207069" level="FAIL">Maximum limit of started keywords and control structures exceeded.</msg>
<arg>5x</arg>
<arg>2s</arg>
<arg>Click Element</arg>
<arg>${locator}</arg>
<doc>Runs the specified keyword and retries if it fails.</doc>
<status status="FAIL" start="2025-07-29T12:33:06.164251" elapsed="12.042818">Maximum limit of started keywords and control structures exceeded.</status>
</kw>
<arg>${locator}</arg>
<status status="FAIL" start="2025-07-29T12:33:06.163255" elapsed="12.044908">Maximum limit of started keywords and control structures exceeded.</status>
</kw>
<kw name="Click element" owner="CommonKeywords">
<msg time="2025-07-29T12:33:20.209825" level="FAIL">Maximum limit of started keywords and control structures exceeded.</msg>
<arg>${locator}</arg>
<status status="FAIL" start="2025-07-29T12:33:20.208514" elapsed="0.001311">Maximum limit of started keywords and control structures exceeded.</status>
</kw>
<msg time="2025-07-29T12:33:22.210312" level="FAIL">Maximum limit of started keywords and control structures exceeded.</msg>
<arg>5x</arg>
<arg>2s</arg>
<arg>Click Element</arg>
<arg>${locator}</arg>
<doc>Runs the specified keyword and retries if it fails.</doc>
<status status="FAIL" start="2025-07-29T12:33:06.163255" elapsed="16.047608">Maximum limit of started keywords and control structures exceeded.</status>
</kw>
<arg>${locator}</arg>
<status status="FAIL" start="2025-07-29T12:33:06.163255" elapsed="16.047608">Maximum limit of started keywords and control structures exceeded.</status>
</kw>
<kw name="Click element" owner="CommonKeywords">
<msg time="2025-07-29T12:33:24.216129" level="FAIL">Maximum limit of started keywords and control structures exceeded.</msg>
<arg>${locator}</arg>
<status status="FAIL" start="2025-07-29T12:33:24.212587" elapsed="0.007071">Maximum limit of started keywords and control structures exceeded.</status>
</kw>
<msg time="2025-07-29T12:33:26.220309" level="FAIL">Maximum limit of started keywords and control structures exceeded.</msg>
<arg>5x</arg>
<arg>2s</arg>
<arg>Click Element</arg>
<arg>${locator}</arg>
<doc>Runs the specified keyword and retries if it fails.</doc>
<status status="FAIL" start="2025-07-29T12:33:06.163255" elapsed="20.058308">Maximum limit of started keywords and control structures exceeded.</status>
</kw>
<arg>${locator}</arg>
<status status="FAIL" start="2025-07-29T12:33:06.162234" elapsed="20.060449">Maximum limit of started keywords and control structures exceeded.</status>
</kw>
<kw name="Click element" owner="CommonKeywords">
<msg time="2025-07-29T12:33:28.240911" level="FAIL">Maximum limit of started keywords and control structures exceeded.</msg>
<arg>${locator}</arg>
<status status="FAIL" start="2025-07-29T12:33:28.225268" elapsed="0.016501">Maximum limit of started keywords and control structures exceeded.</status>
</kw>
<msg time="2025-07-29T12:33:30.242964" level="FAIL">Maximum limit of started keywords and control structures exceeded.</msg>
<arg>5x</arg>
<arg>2s</arg>
<arg>Click Element</arg>
<arg>${locator}</arg>
<doc>Runs the specified keyword and retries if it fails.</doc>
<status status="FAIL" start="2025-07-29T12:33:06.162234" elapsed="24.081244">Maximum limit of started keywords and control structures exceeded.</status>
</kw>
<arg>${locator}</arg>
<status status="FAIL" start="2025-07-29T12:33:06.162234" elapsed="24.081244">Maximum limit of started keywords and control structures exceeded.</status>
</kw>
<kw name="Click element" owner="CommonKeywords">
<msg time="2025-07-29T12:33:32.245395" level="FAIL">Maximum limit of started keywords and control structures exceeded.</msg>
<arg>${locator}</arg>
<status status="FAIL" start="2025-07-29T12:33:32.243815" elapsed="0.002580">Maximum limit of started keywords and control structures exceeded.</status>
</kw>
<msg time="2025-07-29T12:33:34.247158" level="FAIL">Maximum limit of started keywords and control structures exceeded.</msg>
<arg>5x</arg>
<arg>2s</arg>
<arg>Click Element</arg>
<arg>${locator}</arg>
<doc>Runs the specified keyword and retries if it fails.</doc>
<status status="FAIL" start="2025-07-29T12:33:06.161212" elapsed="28.086961">Maximum limit of started keywords and control structures exceeded.</status>
</kw>
<arg>${locator}</arg>
<status status="FAIL" start="2025-07-29T12:33:06.161212" elapsed="28.088475">Maximum limit of started keywords and control structures exceeded.</status>
</kw>
<kw name="Click element" owner="CommonKeywords">
<msg time="2025-07-29T12:33:36.251669" level="FAIL">Maximum limit of started keywords and control structures exceeded.</msg>
<arg>${locator}</arg>
<status status="FAIL" start="2025-07-29T12:33:36.250138" elapsed="0.001531">Maximum limit of started keywords and control structures exceeded.</status>
</kw>
<msg time="2025-07-29T12:33:38.251816" level="FAIL">Maximum limit of started keywords and control structures exceeded.</msg>
<arg>5x</arg>
<arg>2s</arg>
<arg>Click Element</arg>
<arg>${locator}</arg>
<doc>Runs the specified keyword and retries if it fails.</doc>
<status status="FAIL" start="2025-07-29T12:33:06.161212" elapsed="32.090604">Maximum limit of started keywords and control structures exceeded.</status>
</kw>
<arg>${locator}</arg>
<status status="FAIL" start="2025-07-29T12:33:06.161212" elapsed="32.091666">Maximum limit of started keywords and control structures exceeded.</status>
</kw>
<kw name="Click element" owner="CommonKeywords">
<msg time="2025-07-29T12:33:40.253235" level="FAIL">Maximum limit of started keywords and control structures exceeded.</msg>
<arg>${locator}</arg>
<status status="FAIL" start="2025-07-29T12:33:40.253235" elapsed="0.001052">Maximum limit of started keywords and control structures exceeded.</status>
</kw>
<msg time="2025-07-29T12:33:42.254799" level="FAIL">Maximum limit of started keywords and control structures exceeded.</msg>
<arg>5x</arg>
<arg>2s</arg>
<arg>Click Element</arg>
<arg>${locator}</arg>
<doc>Runs the specified keyword and retries if it fails.</doc>
<status status="FAIL" start="2025-07-29T12:33:06.160694" elapsed="36.094105">Maximum limit of started keywords and control structures exceeded.</status>
</kw>
<arg>${locator}</arg>
<status status="FAIL" start="2025-07-29T12:33:06.160694" elapsed="36.094105">Maximum limit of started keywords and control structures exceeded.</status>
</kw>
<kw name="Click element" owner="CommonKeywords">
<msg time="2025-07-29T12:33:44.256015" level="FAIL">Maximum limit of started keywords and control structures exceeded.</msg>
<arg>${locator}</arg>
<status status="FAIL" start="2025-07-29T12:33:44.256015" elapsed="0.000000">Maximum limit of started keywords and control structures exceeded.</status>
</kw>
<msg time="2025-07-29T12:33:46.267293" level="FAIL">Maximum limit of started keywords and control structures exceeded.</msg>
<arg>5x</arg>
<arg>2s</arg>
<arg>Click Element</arg>
<arg>${locator}</arg>
<doc>Runs the specified keyword and retries if it fails.</doc>
<status status="FAIL" start="2025-07-29T12:33:06.159678" elapsed="40.108120">Maximum limit of started keywords and control structures exceeded.</status>
</kw>
<arg>${locator}</arg>
<status status="FAIL" start="2025-07-29T12:33:06.159678" elapsed="40.109129">Maximum limit of started keywords and control structures exceeded.</status>
</kw>
<kw name="Click element" owner="CommonKeywords">
<msg time="2025-07-29T12:33:48.270385" level="FAIL">Maximum limit of started keywords and control structures exceeded.</msg>
<arg>${locator}</arg>
<status status="FAIL" start="2025-07-29T12:33:48.269326" elapsed="0.001059">Maximum limit of started keywords and control structures exceeded.</status>
</kw>
<msg time="2025-07-29T12:33:50.270617" level="FAIL">Maximum limit of started keywords and control structures exceeded.</msg>
<arg>5x</arg>
<arg>2s</arg>
<arg>Click Element</arg>
<arg>${locator}</arg>
<doc>Runs the specified keyword and retries if it fails.</doc>
<status status="FAIL" start="2025-07-29T12:33:06.159678" elapsed="44.110939">Maximum limit of started keywords and control structures exceeded.</status>
</kw>
<arg>${locator}</arg>
<status status="FAIL" start="2025-07-29T12:33:06.158673" elapsed="44.113258">Maximum limit of started keywords and control structures exceeded.</status>
</kw>
<kw name="Click element" owner="CommonKeywords">
<msg time="2025-07-29T12:33:52.276364" level="FAIL">Maximum limit of started keywords and control structures exceeded.</msg>
<arg>${locator}</arg>
<status status="FAIL" start="2025-07-29T12:33:52.273746" elapsed="0.003619">Maximum limit of started keywords and control structures exceeded.</status>
</kw>
<msg time="2025-07-29T12:33:54.277594" level="FAIL">Maximum limit of started keywords and control structures exceeded.</msg>
<arg>5x</arg>
<arg>2s</arg>
<arg>Click Element</arg>
<arg>${locator}</arg>
<doc>Runs the specified keyword and retries if it fails.</doc>
<status status="FAIL" start="2025-07-29T12:33:06.157668" elapsed="48.120969">Maximum limit of started keywords and control structures exceeded.</status>
</kw>
<arg>${locator}</arg>
<status status="FAIL" start="2025-07-29T12:33:06.156662" elapsed="48.122962">Maximum limit of started keywords and control structures exceeded.</status>
</kw>
<kw name="Click element" owner="CommonKeywords">
<msg time="2025-07-29T12:33:56.282313" level="FAIL">Maximum limit of started keywords and control structures exceeded.</msg>
<arg>${locator}</arg>
<status status="FAIL" start="2025-07-29T12:33:56.279762" elapsed="0.002551">Maximum limit of started keywords and control structures exceeded.</status>
</kw>
<msg time="2025-07-29T12:33:58.282576" level="FAIL">Maximum limit of started keywords and control structures exceeded.</msg>
<arg>5x</arg>
<arg>2s</arg>
<arg>Click Element</arg>
<arg>${locator}</arg>
<doc>Runs the specified keyword and retries if it fails.</doc>
<status status="FAIL" start="2025-07-29T12:33:06.156662" elapsed="52.125914">Maximum limit of started keywords and control structures exceeded.</status>
</kw>
<arg>${locator}</arg>
<status status="FAIL" start="2025-07-29T12:33:06.124910" elapsed="52.158689">Maximum limit of started keywords and control structures exceeded.</status>
</kw>
<kw name="Click element" owner="CommonKeywords">
<msg time="2025-07-29T12:34:00.285873" level="FAIL">Maximum limit of started keywords and control structures exceeded.</msg>
<arg>${locator}</arg>
<status status="FAIL" start="2025-07-29T12:34:00.284836" elapsed="0.001037">Maximum limit of started keywords and control structures exceeded.</status>
</kw>
<msg time="2025-07-29T12:34:02.287300" level="FAIL">Maximum limit of started keywords and control structures exceeded.</msg>
<arg>5x</arg>
<arg>2s</arg>
<arg>Click Element</arg>
<arg>${locator}</arg>
<doc>Runs the specified keyword and retries if it fails.</doc>
<status status="FAIL" start="2025-07-29T12:33:06.124910" elapsed="56.162390">Maximum limit of started keywords and control structures exceeded.</status>
</kw>
<arg>${locator}</arg>
<status status="FAIL" start="2025-07-29T12:33:06.124910" elapsed="56.162390">Maximum limit of started keywords and control structures exceeded.</status>
</kw>
<kw name="Click element" owner="CommonKeywords">
<msg time="2025-07-29T12:34:04.288762" level="FAIL">Maximum limit of started keywords and control structures exceeded.</msg>
<arg>${locator}</arg>
<status status="FAIL" start="2025-07-29T12:34:04.288762" elapsed="0.001189">Maximum limit of started keywords and control structures exceeded.</status>
</kw>
<msg time="2025-07-29T12:34:06.290395" level="FAIL">Maximum limit of started keywords and control structures exceeded.</msg>
<arg>5x</arg>
<arg>2s</arg>
<arg>Click Element</arg>
<arg>${locator}</arg>
<doc>Runs the specified keyword and retries if it fails.</doc>
<status status="FAIL" start="2025-07-29T12:33:06.124910" elapsed="60.166031">Maximum limit of started keywords and control structures exceeded.</status>
</kw>
<arg>${locator}</arg>
<status status="FAIL" start="2025-07-29T12:33:06.124395" elapsed="60.166546">Maximum limit of started keywords and control structures exceeded.</status>
</kw>
<kw name="Click element" owner="CommonKeywords">
<msg time="2025-07-29T12:34:08.294565" level="FAIL">Maximum limit of started keywords and control structures exceeded.</msg>
<arg>${locator}</arg>
<status status="FAIL" start="2025-07-29T12:34:08.292209" elapsed="0.003413">Maximum limit of started keywords and control structures exceeded.</status>
</kw>
<msg time="2025-07-29T12:34:10.296293" level="FAIL">Maximum limit of started keywords and control structures exceeded.</msg>
<arg>5x</arg>
<arg>2s</arg>
<arg>Click Element</arg>
<arg>${locator}</arg>
<doc>Runs the specified keyword and retries if it fails.</doc>
<status status="FAIL" start="2025-07-29T12:33:06.124395" elapsed="64.171898">Maximum limit of started keywords and control structures exceeded.</status>
</kw>
<arg>${locator}</arg>
<status status="FAIL" start="2025-07-29T12:33:06.123394" elapsed="64.172899">Maximum limit of started keywords and control structures exceeded.</status>
</kw>
<kw name="Click element" owner="CommonKeywords">
<msg time="2025-07-29T12:34:12.297900" level="FAIL">Maximum limit of started keywords and control structures exceeded.</msg>
<arg>${locator}</arg>
<status status="FAIL" start="2025-07-29T12:34:12.296823" elapsed="0.001077">Maximum limit of started keywords and control structures exceeded.</status>
</kw>
<msg time="2025-07-29T12:34:14.298952" level="FAIL">Maximum limit of started keywords and control structures exceeded.</msg>
<arg>5x</arg>
<arg>2s</arg>
<arg>Click Element</arg>
<arg>${locator}</arg>
<doc>Runs the specified keyword and retries if it fails.</doc>
<status status="FAIL" start="2025-07-29T12:33:06.123394" elapsed="68.175558">Maximum limit of started keywords and control structures exceeded.</status>
</kw>
<arg>${locator}</arg>
<status status="FAIL" start="2025-07-29T12:33:06.122190" elapsed="68.177266">Maximum limit of started keywords and control structures exceeded.</status>
</kw>
<kw name="Click element" owner="CommonKeywords">
<msg time="2025-07-29T12:34:16.300654" level="FAIL">Maximum limit of started keywords and control structures exceeded.</msg>
<arg>${locator}</arg>
<status status="FAIL" start="2025-07-29T12:34:16.299629" elapsed="0.001025">Maximum limit of started keywords and control structures exceeded.</status>
</kw>
<msg time="2025-07-29T12:34:18.302403" level="FAIL">Maximum limit of started keywords and control structures exceeded.</msg>
<arg>5x</arg>
<arg>2s</arg>
<arg>Click Element</arg>
<arg>${locator}</arg>
<doc>Runs the specified keyword and retries if it fails.</doc>
<status status="FAIL" start="2025-07-29T12:33:06.118251" elapsed="72.184152">Maximum limit of started keywords and control structures exceeded.</status>
</kw>
<arg>${locator}</arg>
<status status="FAIL" start="2025-07-29T12:33:06.115720" elapsed="72.187855">Maximum limit of started keywords and control structures exceeded.</status>
</kw>
<kw name="Click element" owner="CommonKeywords">
<msg time="2025-07-29T12:34:20.309286" level="FAIL">Maximum limit of started keywords and control structures exceeded.</msg>
<arg>${locator}</arg>
<status status="FAIL" start="2025-07-29T12:34:20.304211" elapsed="0.006151">Maximum limit of started keywords and control structures exceeded.</status>
</kw>
<msg time="2025-07-29T12:34:22.310878" level="FAIL">Maximum limit of started keywords and control structures exceeded.</msg>
<arg>5x</arg>
<arg>2s</arg>
<arg>Click Element</arg>
<arg>${locator}</arg>
<doc>Runs the specified keyword and retries if it fails.</doc>
<status status="FAIL" start="2025-07-29T12:33:06.114670" elapsed="76.197596">Maximum limit of started keywords and control structures exceeded.</status>
</kw>
<arg>${locator}</arg>
<status status="FAIL" start="2025-07-29T12:33:06.113166" elapsed="76.199668">Maximum limit of started keywords and control structures exceeded.</status>
</kw>
<kw name="Click element" owner="CommonKeywords">
<msg time="2025-07-29T12:34:24.313001" level="FAIL">Maximum limit of started keywords and control structures exceeded.</msg>
<arg>${locator}</arg>
<status status="FAIL" start="2025-07-29T12:34:24.313001" elapsed="0.000000">Maximum limit of started keywords and control structures exceeded.</status>
</kw>
<msg time="2025-07-29T12:34:26.313370" level="FAIL">Maximum limit of started keywords and control structures exceeded.</msg>
<arg>5x</arg>
<arg>2s</arg>
<arg>Click Element</arg>
<arg>${locator}</arg>
<doc>Runs the specified keyword and retries if it fails.</doc>
<status status="FAIL" start="2025-07-29T12:33:06.112170" elapsed="80.201200">Maximum limit of started keywords and control structures exceeded.</status>
</kw>
<arg>${locator}</arg>
<status status="FAIL" start="2025-07-29T12:33:06.111664" elapsed="80.202718">Maximum limit of started keywords and control structures exceeded.</status>
</kw>
<kw name="Click element" owner="CommonKeywords">
<msg time="2025-07-29T12:34:28.315925" level="FAIL">Maximum limit of started keywords and control structures exceeded.</msg>
<arg>${locator}</arg>
<status status="FAIL" start="2025-07-29T12:34:28.314894" elapsed="0.001031">Maximum limit of started keywords and control structures exceeded.</status>
</kw>
<msg time="2025-07-29T12:34:30.316943" level="FAIL">Maximum limit of started keywords and control structures exceeded.</msg>
<arg>5x</arg>
<arg>2s</arg>
<arg>Click Element</arg>
<arg>${locator}</arg>
<doc>Runs the specified keyword and retries if it fails.</doc>
<status status="FAIL" start="2025-07-29T12:33:06.111664" elapsed="84.205279">Maximum limit of started keywords and control structures exceeded.</status>
</kw>
<arg>${locator}</arg>
<status status="FAIL" start="2025-07-29T12:33:06.110664" elapsed="84.207359">Maximum limit of started keywords and control structures exceeded.</status>
</kw>
<kw name="Click element" owner="CommonKeywords">
<msg time="2025-07-29T12:34:32.319778" level="FAIL">Maximum limit of started keywords and control structures exceeded.</msg>
<arg>${locator}</arg>
<status status="FAIL" start="2025-07-29T12:34:32.318188" elapsed="0.001590">Maximum limit of started keywords and control structures exceeded.</status>
</kw>
<msg time="2025-07-29T12:34:34.321178" level="FAIL">Maximum limit of started keywords and control structures exceeded.</msg>
<arg>5x</arg>
<arg>2s</arg>
<arg>Click Element</arg>
<arg>${locator}</arg>
<doc>Runs the specified keyword and retries if it fails.</doc>
<status status="FAIL" start="2025-07-29T12:33:06.110664" elapsed="88.210514">Maximum limit of started keywords and control structures exceeded.</status>
</kw>
<arg>${locator}</arg>
<status status="FAIL" start="2025-07-29T12:33:06.110664" elapsed="88.210514">Maximum limit of started keywords and control structures exceeded.</status>
</kw>
<kw name="Click element" owner="CommonKeywords">
<msg time="2025-07-29T12:34:36.324850" level="FAIL">Maximum limit of started keywords and control structures exceeded.</msg>
<arg>${locator}</arg>
<status status="FAIL" start="2025-07-29T12:34:36.323339" elapsed="0.001511">Maximum limit of started keywords and control structures exceeded.</status>
</kw>
<msg time="2025-07-29T12:34:38.325132" level="FAIL">Maximum limit of started keywords and control structures exceeded.</msg>
<arg>5x</arg>
<arg>2s</arg>
<arg>Click Element</arg>
<arg>${locator}</arg>
<doc>Runs the specified keyword and retries if it fails.</doc>
<status status="FAIL" start="2025-07-29T12:33:06.109622" elapsed="92.216921">Maximum limit of started keywords and control structures exceeded.</status>
</kw>
<arg>${locator}</arg>
<status status="FAIL" start="2025-07-29T12:33:06.109622" elapsed="92.216921">Maximum limit of started keywords and control structures exceeded.</status>
</kw>
<kw name="Click element" owner="CommonKeywords">
<msg time="2025-07-29T12:34:40.327953" level="FAIL">Maximum limit of started keywords and control structures exceeded.</msg>
<arg>${locator}</arg>
<status status="FAIL" start="2025-07-29T12:34:40.327953" elapsed="0.001552">Maximum limit of started keywords and control structures exceeded.</status>
</kw>
<msg time="2025-07-29T12:34:42.329983" level="FAIL">Maximum limit of started keywords and control structures exceeded.</msg>
<arg>5x</arg>
<arg>2s</arg>
<arg>Click Element</arg>
<arg>${locator}</arg>
<doc>Runs the specified keyword and retries if it fails.</doc>
<status status="FAIL" start="2025-07-29T12:33:06.108594" elapsed="96.221389">Maximum limit of started keywords and control structures exceeded.</status>
</kw>
<arg>${locator}</arg>
<status status="FAIL" start="2025-07-29T12:33:06.106575" elapsed="96.223408">Maximum limit of started keywords and control structures exceeded.</status>
</kw>
<kw name="Click element" owner="CommonKeywords">
<msg time="2025-07-29T12:34:44.332807" level="FAIL">Maximum limit of started keywords and control structures exceeded.</msg>
<arg>${locator}</arg>
<status status="FAIL" start="2025-07-29T12:34:44.331710" elapsed="0.001097">Maximum limit of started keywords and control structures exceeded.</status>
</kw>
<msg time="2025-07-29T12:34:46.335928" level="FAIL">Maximum limit of started keywords and control structures exceeded.</msg>
<arg>5x</arg>
<arg>2s</arg>
<arg>Click Element</arg>
<arg>${locator}</arg>
<doc>Runs the specified keyword and retries if it fails.</doc>
<status status="FAIL" start="2025-07-29T12:33:06.102873" elapsed="100.233055">Maximum limit of started keywords and control structures exceeded.</status>
</kw>
<arg>${locator}</arg>
<status status="FAIL" start="2025-07-29T12:33:06.098322" elapsed="100.239111">Maximum limit of started keywords and control structures exceeded.</status>
</kw>
<kw name="Click element" owner="CommonKeywords">
<msg time="2025-07-29T12:34:48.338695" level="FAIL">Maximum limit of started keywords and control structures exceeded.</msg>
<arg>${locator}</arg>
<status status="FAIL" start="2025-07-29T12:34:48.337638" elapsed="0.001057">Maximum limit of started keywords and control structures exceeded.</status>
</kw>
<msg time="2025-07-29T12:34:50.339131" level="FAIL">Maximum limit of started keywords and control structures exceeded.</msg>
<arg>5x</arg>
<arg>2s</arg>
<arg>Click Element</arg>
<arg>${locator}</arg>
<doc>Runs the specified keyword and retries if it fails.</doc>
<status status="FAIL" start="2025-07-29T12:33:06.097267" elapsed="104.242396">Maximum limit of started keywords and control structures exceeded.</status>
</kw>
<arg>${locator}</arg>
<status status="FAIL" start="2025-07-29T12:33:06.094354" elapsed="104.245309">Maximum limit of started keywords and control structures exceeded.</status>
</kw>
<kw name="Click element" owner="CommonKeywords">
<msg time="2025-07-29T12:34:52.341822" level="FAIL">Maximum limit of started keywords and control structures exceeded.</msg>
<arg>${locator}</arg>
<status status="FAIL" start="2025-07-29T12:34:52.340302" elapsed="0.001520">Maximum limit of started keywords and control structures exceeded.</status>
</kw>
<msg time="2025-07-29T12:34:54.342119" level="FAIL">Maximum limit of started keywords and control structures exceeded.</msg>
<arg>5x</arg>
<arg>2s</arg>
<arg>Click Element</arg>
<arg>${locator}</arg>
<doc>Runs the specified keyword and retries if it fails.</doc>
<status status="FAIL" start="2025-07-29T12:33:06.093074" elapsed="108.250207">Maximum limit of started keywords and control structures exceeded.</status>
</kw>
<arg>${locator}</arg>
<status status="FAIL" start="2025-07-29T12:33:06.091968" elapsed="108.251313">Maximum limit of started keywords and control structures exceeded.</status>
</kw>
<kw name="Click element" owner="CommonKeywords">
<msg time="2025-07-29T12:34:56.345591" level="FAIL">Maximum limit of started keywords and control structures exceeded.</msg>
<arg>${locator}</arg>
<status status="FAIL" start="2025-07-29T12:34:56.344531" elapsed="0.001060">Maximum limit of started keywords and control structures exceeded.</status>
</kw>
<msg time="2025-07-29T12:34:58.347534" level="FAIL">Maximum limit of started keywords and control structures exceeded.</msg>
<arg>5x</arg>
<arg>2s</arg>
<arg>Click Element</arg>
<arg>${locator}</arg>
<doc>Runs the specified keyword and retries if it fails.</doc>
<status status="FAIL" start="2025-07-29T12:33:06.090948" elapsed="112.256586">Maximum limit of started keywords and control structures exceeded.</status>
</kw>
<arg>${locator}</arg>
<status status="FAIL" start="2025-07-29T12:33:06.087604" elapsed="112.259930">Maximum limit of started keywords and control structures exceeded.</status>
</kw>
<kw name="Click element" owner="CommonKeywords">
<msg time="2025-07-29T12:35:00.349296" level="FAIL">Maximum limit of started keywords and control structures exceeded.</msg>
<arg>${locator}</arg>
<status status="FAIL" start="2025-07-29T12:35:00.347782" elapsed="0.001514">Maximum limit of started keywords and control structures exceeded.</status>
</kw>
<msg time="2025-07-29T12:35:02.349573" level="FAIL">Maximum limit of started keywords and control structures exceeded.</msg>
<arg>5x</arg>
<arg>2s</arg>
<arg>Click Element</arg>
<arg>${locator}</arg>
<doc>Runs the specified keyword and retries if it fails.</doc>
<status status="FAIL" start="2025-07-29T12:33:06.085944" elapsed="116.263629">Maximum limit of started keywords and control structures exceeded.</status>
</kw>
<arg>${locator}</arg>
<status status="FAIL" start="2025-07-29T12:33:06.082280" elapsed="116.268308">Maximum limit of started keywords and control structures exceeded.</status>
</kw>
<kw name="Click element" owner="CommonKeywords">
<msg time="2025-07-29T12:35:04.352279" level="FAIL">Maximum limit of started keywords and control structures exceeded.</msg>
<arg>${locator}</arg>
<status status="FAIL" start="2025-07-29T12:35:04.351279" elapsed="0.001000">Maximum limit of started keywords and control structures exceeded.</status>
</kw>
<msg time="2025-07-29T12:35:06.352700" level="FAIL">Maximum limit of started keywords and control structures exceeded.</msg>
<arg>5x</arg>
<arg>2s</arg>
<arg>Click Element</arg>
<arg>${locator}</arg>
<doc>Runs the specified keyword and retries if it fails.</doc>
<status status="FAIL" start="2025-07-29T12:33:06.080249" elapsed="120.273015">Maximum limit of started keywords and control structures exceeded.</status>
</kw>
<arg>${locator}</arg>
<status status="FAIL" start="2025-07-29T12:33:06.078738" elapsed="120.274526">Maximum limit of started keywords and control structures exceeded.</status>
</kw>
<kw name="Click element" owner="CommonKeywords">
<msg time="2025-07-29T12:35:08.354348" level="FAIL">Maximum limit of started keywords and control structures exceeded.</msg>
<arg>${locator}</arg>
<status status="FAIL" start="2025-07-29T12:35:08.353789" elapsed="0.000559">Maximum limit of started keywords and control structures exceeded.</status>
</kw>
<msg time="2025-07-29T12:35:10.354733" level="FAIL">Maximum limit of started keywords and control structures exceeded.</msg>
<arg>5x</arg>
<arg>2s</arg>
<arg>Click Element</arg>
<arg>${locator}</arg>
<doc>Runs the specified keyword and retries if it fails.</doc>
<status status="FAIL" start="2025-07-29T12:33:06.073615" elapsed="124.281118">Maximum limit of started keywords and control structures exceeded.</status>
</kw>
<arg>${locator}</arg>
<status status="FAIL" start="2025-07-29T12:33:06.071408" elapsed="124.284328">Maximum limit of started keywords and control structures exceeded.</status>
</kw>
<kw name="Click element" owner="CommonKeywords">
<msg time="2025-07-29T12:35:12.358384" level="FAIL">Maximum limit of started keywords and control structures exceeded.</msg>
<arg>${locator}</arg>
<status status="FAIL" start="2025-07-29T12:35:12.356298" elapsed="0.003556">Maximum limit of started keywords and control structures exceeded.</status>
</kw>
<msg time="2025-07-29T12:35:14.361825" level="FAIL">Maximum limit of started keywords and control structures exceeded.</msg>
<arg>5x</arg>
<arg>2s</arg>
<arg>Click Element</arg>
<arg>${locator}</arg>
<doc>Runs the specified keyword and retries if it fails.</doc>
<status status="FAIL" start="2025-07-29T12:33:06.068793" elapsed="128.293032">Maximum limit of started keywords and control structures exceeded.</status>
</kw>
<arg>${locator}</arg>
<status status="FAIL" start="2025-07-29T12:33:06.066389" elapsed="128.295436">Maximum limit of started keywords and control structures exceeded.</status>
</kw>
<kw name="Click element" owner="CommonKeywords">
<msg time="2025-07-29T12:35:16.362716" level="FAIL">Maximum limit of started keywords and control structures exceeded.</msg>
<arg>${locator}</arg>
<status status="FAIL" start="2025-07-29T12:35:16.362142" elapsed="0.000574">Maximum limit of started keywords and control structures exceeded.</status>
</kw>
<msg time="2025-07-29T12:35:18.364563" level="FAIL">Maximum limit of started keywords and control structures exceeded.</msg>
<arg>5x</arg>
<arg>2s</arg>
<arg>Click Element</arg>
<arg>${locator}</arg>
<doc>Runs the specified keyword and retries if it fails.</doc>
<status status="FAIL" start="2025-07-29T12:33:06.062763" elapsed="132.303248">Maximum limit of started keywords and control structures exceeded.</status>
</kw>
<arg>${locator}</arg>
<status status="FAIL" start="2025-07-29T12:33:06.057735" elapsed="132.308276">Maximum limit of started keywords and control structures exceeded.</status>
</kw>
<kw name="Click element" owner="CommonKeywords">
<msg time="2025-07-29T12:35:20.367924" level="FAIL">Maximum limit of started keywords and control structures exceeded.</msg>
<arg>${locator}</arg>
<status status="FAIL" start="2025-07-29T12:35:20.366386" elapsed="0.001538">Maximum limit of started keywords and control structures exceeded.</status>
</kw>
<msg time="2025-07-29T12:35:22.368387" level="FAIL">Maximum limit of started keywords and control structures exceeded.</msg>
<arg>5x</arg>
<arg>2s</arg>
<arg>Click Element</arg>
<arg>${locator}</arg>
<doc>Runs the specified keyword and retries if it fails.</doc>
<status status="FAIL" start="2025-07-29T12:33:06.057735" elapsed="136.310652">Maximum limit of started keywords and control structures exceeded.</status>
</kw>
<arg>${locator}</arg>
<status status="FAIL" start="2025-07-29T12:33:06.057735" elapsed="136.310652">Maximum limit of started keywords and control structures exceeded.</status>
</kw>
<kw name="Click element" owner="CommonKeywords">
<msg time="2025-07-29T12:35:24.369584" level="FAIL">Maximum limit of started keywords and control structures exceeded.</msg>
<arg>${locator}</arg>
<status status="FAIL" start="2025-07-29T12:35:24.368543" elapsed="0.001041">Maximum limit of started keywords and control structures exceeded.</status>
</kw>
<msg time="2025-07-29T12:35:26.370263" level="FAIL">Maximum limit of started keywords and control structures exceeded.</msg>
<arg>5x</arg>
<arg>2s</arg>
<arg>Click Element</arg>
<arg>${locator}</arg>
<doc>Runs the specified keyword and retries if it fails.</doc>
<status status="FAIL" start="2025-07-29T12:33:06.057735" elapsed="140.312528">