<?xml version="1.0" encoding="UTF-8"?>
<robot generator="Robot 7.0 (Python 3.12.1 on win32)" generated="2025-08-06T14:01:30.044541" rpa="false" schemaversion="5">
<suite id="s1" name="Webautomate01" source="C:\Users\User\Desktop\Webautomate01">
<suite id="s1-s1" name="Webautomate" source="C:\Users\User\Desktop\Webautomate01\Webautomate">
<suite id="s1-s1-s1" name="Testcase" source="C:\Users\User\Desktop\Webautomate01\Webautomate\Testcase">
<suite id="s1-s1-s1-s1" name="Myself01" source="C:\Users\User\Desktop\Webautomate01\Webautomate\Testcase\Myself01.robot">
<kw name="Open Browser" owner="SeleniumLibrary" type="SETUP">
<msg time="2025-08-06T14:01:30.344363" level="INFO">Opening browser 'chrome' to base url 'https://demoqa.com/'.</msg>
<arg>${Url}</arg>
<arg>chrome</arg>
<doc>Opens a new browser instance to the optional ``url``.</doc>
<status status="PASS" start="2025-08-06T14:01:30.343346" elapsed="9.099846"/>
</kw>
<test id="s1-s1-s1-s1-t1" name="Click to continue" line="18">
<kw name="Sleep" owner="BuiltIn">
<msg time="2025-08-06T14:01:42.453390" level="INFO">Slept 3 seconds.</msg>
<arg>3s</arg>
<doc>Pauses the test executed for the given time.</doc>
<status status="PASS" start="2025-08-06T14:01:39.453019" elapsed="3.001496"/>
</kw>
<kw name="Wait Until Element Is Visible" owner="SeleniumLibrary">
<arg>xpath=//div[@class="home-banner"]/a/img[@class="banner-image"]</arg>
<arg>timeout=10s</arg>
<doc>Waits until the element ``locator`` is visible.</doc>
<status status="PASS" start="2025-08-06T14:01:42.455078" elapsed="0.030444"/>
</kw>
<kw name="Sleep" owner="BuiltIn">
<msg time="2025-08-06T14:01:44.486930" level="INFO">Slept 2 seconds.</msg>
<arg>2s</arg>
<doc>Pauses the test executed for the given time.</doc>
<status status="PASS" start="2025-08-06T14:01:42.485522" elapsed="2.001408"/>
</kw>
<kw name="Wait Until Element Is Visible" owner="SeleniumLibrary">
<arg>xpath=//div[@id="app"]/div/div/div[@class="home-body"]/div/div[4]</arg>
<arg>timeout=5s</arg>
<doc>Waits until the element ``locator`` is visible.</doc>
<status status="PASS" start="2025-08-06T14:01:44.488461" elapsed="0.027332"/>
</kw>
<kw name="Click ele" owner="CommonKeywords">
<kw name="Wait Until Keyword Succeeds" owner="BuiltIn">
<kw name="Click Element" owner="SeleniumLibrary">
<msg time="2025-08-06T14:01:44.520348" level="INFO">Clicking element 'xpath=//div[@id="app"]/div/div/div[@class="home-body"]/div/div[4]'.</msg>
<arg>${locator}</arg>
<doc>Click the element identified by ``locator``.</doc>
<status status="PASS" start="2025-08-06T14:01:44.519353" elapsed="0.273378"/>
</kw>
<arg>5x</arg>
<arg>2s</arg>
<arg>Click Element</arg>
<arg>${locator}</arg>
<doc>Runs the specified keyword and retries if it fails.</doc>
<status status="PASS" start="2025-08-06T14:01:44.519353" elapsed="0.273378"/>
</kw>
<arg>xpath=//div[@id="app"]/div/div/div[@class="home-body"]/div/div[4]</arg>
<status status="PASS" start="2025-08-06T14:01:44.518334" elapsed="0.274397"/>
</kw>
<kw name="Sleep" owner="BuiltIn">
<msg time="2025-08-06T14:01:46.794959" level="INFO">Slept 2 seconds.</msg>
<arg>2s</arg>
<doc>Pauses the test executed for the given time.</doc>
<status status="PASS" start="2025-08-06T14:01:44.793903" elapsed="2.001056"/>
</kw>
<status status="PASS" start="2025-08-06T14:01:39.443192" elapsed="7.353306"/>
</test>
<test id="s1-s1-s1-s1-t2" name="Go to form" line="28">
<kw name="Sleep" owner="BuiltIn">
<msg time="2025-08-06T14:01:48.822379" level="INFO">Slept 2 seconds.</msg>
<arg>2s</arg>
<doc>Pauses the test executed for the given time.</doc>
<status status="PASS" start="2025-08-06T14:01:46.820752" elapsed="2.002677"/>
</kw>
<kw name="Click ele" owner="CommonKeywords">
<kw name="Wait Until Keyword Succeeds" owner="BuiltIn">
<kw name="Click Element" owner="SeleniumLibrary">
<msg time="2025-08-06T14:01:48.827628" level="INFO">Clicking element 'xpath=//div[@id="app"]/div/div/div/div/div/div/div[2]/span[@class="group-header"]'.</msg>
<arg>${locator}</arg>
<doc>Click the element identified by ``locator``.</doc>
<status status="PASS" start="2025-08-06T14:01:48.826626" elapsed="0.295787"/>
</kw>
<arg>5x</arg>
<arg>2s</arg>
<arg>Click Element</arg>
<arg>${locator}</arg>
<doc>Runs the specified keyword and retries if it fails.</doc>
<status status="PASS" start="2025-08-06T14:01:48.826120" elapsed="0.296293"/>
</kw>
<arg>xpath=//div[@id="app"]/div/div/div/div/div/div/div[2]/span[@class="group-header"]</arg>
<status status="PASS" start="2025-08-06T14:01:48.824930" elapsed="0.297483"/>
</kw>
<kw name="Wait Until Element Is Visible" owner="SeleniumLibrary">
<arg>xpath=//div[@id="app"]/div/div/div/div/div/div/div[2]/div[@class="element-list collapse show"]</arg>
<arg>timeout=10s</arg>
<doc>Waits until the element ``locator`` is visible.</doc>
<status status="PASS" start="2025-08-06T14:01:49.123739" elapsed="0.449171"/>
</kw>
<kw name="Click ele" owner="CommonKeywords">
<kw name="Wait Until Keyword Succeeds" owner="BuiltIn">
<kw name="Click Element" owner="SeleniumLibrary">
<msg time="2025-08-06T14:01:49.574479" level="INFO">Clicking element 'xpath=//div[@id="app"]/div/div/div/div/div/div/div[2]/div[@class="element-list collapse show"]'.</msg>
<arg>${locator}</arg>
<doc>Click the element identified by ``locator``.</doc>
<status status="PASS" start="2025-08-06T14:01:49.574479" elapsed="0.102252"/>
</kw>
<arg>5x</arg>
<arg>2s</arg>
<arg>Click Element</arg>
<arg>${locator}</arg>
<doc>Runs the specified keyword and retries if it fails.</doc>
<status status="PASS" start="2025-08-06T14:01:49.572910" elapsed="0.104827"/>
</kw>
<arg>xpath=//div[@id="app"]/div/div/div/div/div/div/div[2]/div[@class="element-list collapse show"]</arg>
<status status="PASS" start="2025-08-06T14:01:49.572910" elapsed="0.105833"/>
</kw>
<kw name="Sleep" owner="BuiltIn">
<msg time="2025-08-06T14:01:50.680139" level="INFO">Slept 1 second.</msg>
<arg>1s</arg>
<doc>Pauses the test executed for the given time.</doc>
<status status="PASS" start="2025-08-06T14:01:49.679792" elapsed="1.000347"/>
</kw>
<status status="PASS" start="2025-08-06T14:01:46.810416" elapsed="3.870739"/>
</test>
<test id="s1-s1-s1-s1-t3" name="Fill form Info" line="35">
<kw name="Sleep" owner="BuiltIn">
<msg time="2025-08-06T14:01:52.691805" level="INFO">Slept 2 seconds.</msg>
<arg>2s</arg>
<doc>Pauses the test executed for the given time.</doc>
<status status="PASS" start="2025-08-06T14:01:50.691351" elapsed="2.000960"/>
</kw>
<kw name="Wait Until Element Is Visible" owner="SeleniumLibrary">
<arg>id=userName-label</arg>
<arg>timeout=5s</arg>
<doc>Waits until the element ``locator`` is visible.</doc>
<status status="PASS" start="2025-08-06T14:01:52.693321" elapsed="0.030211"/>
</kw>
<kw name="Click ele" owner="CommonKeywords">
<kw name="Wait Until Keyword Succeeds" owner="BuiltIn">
<kw name="Click Element" owner="SeleniumLibrary">
<msg time="2025-08-06T14:01:52.725575" level="INFO">Clicking element 'id=firstName'.</msg>
<arg>${locator}</arg>
<doc>Click the element identified by ``locator``.</doc>
<status status="PASS" start="2025-08-06T14:01:52.724559" elapsed="0.097084"/>
</kw>
<arg>5x</arg>
<arg>2s</arg>
<arg>Click Element</arg>
<arg>${locator}</arg>
<doc>Runs the specified keyword and retries if it fails.</doc>
<status status="PASS" start="2025-08-06T14:01:52.724559" elapsed="0.098287"/>
</kw>
<arg>id=firstName</arg>
<status status="PASS" start="2025-08-06T14:01:52.724559" elapsed="0.098287"/>
</kw>
<kw name="Sleep" owner="BuiltIn">
<msg time="2025-08-06T14:01:53.825351" level="INFO">Slept 1 second.</msg>
<arg>1s</arg>
<doc>Pauses the test executed for the given time.</doc>
<status status="PASS" start="2025-08-06T14:01:52.824362" elapsed="1.000989"/>
</kw>
<kw name="Inputsomething" owner="CommonKeywords">
<kw name="Wait Until Keyword Succeeds" owner="BuiltIn">
<kw name="Input Text" owner="SeleniumLibrary">
<msg time="2025-08-06T14:01:53.830327" level="INFO">Typing text 'Tester' into text field 'id=firstName'.</msg>
<arg>${locator}</arg>
<arg>${text}</arg>
<doc>Types the given ``text`` into the text field identified by ``locator``.</doc>
<status status="PASS" start="2025-08-06T14:01:53.829395" elapsed="0.114926"/>
</kw>
<arg>5x</arg>
<arg>2s</arg>
<arg>Input Text</arg>
<arg>${locator}</arg>
<arg>${text}</arg>
<doc>Runs the specified keyword and retries if it fails.</doc>
<status status="PASS" start="2025-08-06T14:01:53.828235" elapsed="0.117129"/>
</kw>
<arg>id=firstName</arg>
<arg>${Name0}</arg>
<status status="PASS" start="2025-08-06T14:01:53.826905" elapsed="0.118459"/>
</kw>
<kw name="Inputsomething" owner="CommonKeywords">
<kw name="Wait Until Keyword Succeeds" owner="BuiltIn">
<kw name="Input Text" owner="SeleniumLibrary">
<msg time="2025-08-06T14:01:53.947868" level="INFO">Typing text 'Supertesting' into text field 'id=lastName'.</msg>
<arg>${locator}</arg>
<arg>${text}</arg>
<doc>Types the given ``text`` into the text field identified by ``locator``.</doc>
<status status="PASS" start="2025-08-06T14:01:53.946869" elapsed="0.142806"/>
</kw>
<arg>5x</arg>
<arg>2s</arg>
<arg>Input Text</arg>
<arg>${locator}</arg>
<arg>${text}</arg>
<doc>Runs the specified keyword and retries if it fails.</doc>
<status status="PASS" start="2025-08-06T14:01:53.946869" elapsed="0.142806"/>
</kw>
<arg>id=lastName</arg>
<arg>${LastName0}</arg>
<status status="PASS" start="2025-08-06T14:01:53.945364" elapsed="0.144311"/>
</kw>
<kw name="Sleep" owner="BuiltIn">
<msg time="2025-08-06T14:01:55.091001" level="INFO">Slept 1 second.</msg>
<arg>1s</arg>
<doc>Pauses the test executed for the given time.</doc>
<status status="PASS" start="2025-08-06T14:01:54.089675" elapsed="1.001326"/>
</kw>
<kw name="Inputsomething" owner="CommonKeywords">
<kw name="Wait Until Keyword Succeeds" owner="BuiltIn">
<kw name="Input Text" owner="SeleniumLibrary">
<msg time="2025-08-06T14:01:55.095909" level="INFO">Typing text 'TesterkodlnwSudsudloei@gmail.com' into text field 'id=userEmail'.</msg>
<arg>${locator}</arg>
<arg>${text}</arg>
<doc>Types the given ``text`` into the text field identified by ``locator``.</doc>
<status status="PASS" start="2025-08-06T14:01:55.095909" elapsed="0.181827"/>
</kw>
<arg>5x</arg>
<arg>2s</arg>
<arg>Input Text</arg>
<arg>${locator}</arg>
<arg>${text}</arg>
<doc>Runs the specified keyword and retries if it fails.</doc>
<status status="PASS" start="2025-08-06T14:01:55.094840" elapsed="0.182896"/>
</kw>
<arg>id=userEmail</arg>
<arg>${Email}</arg>
<status status="PASS" start="2025-08-06T14:01:55.093270" elapsed="0.184466"/>
</kw>
<kw name="Click ele" owner="CommonKeywords">
<kw name="Wait Until Keyword Succeeds" owner="BuiltIn">
<kw name="Click Element" owner="SeleniumLibrary">
<msg time="2025-08-06T14:01:55.280220" level="INFO">Clicking element 'xpath=//label[@for="gender-radio-1"]'.</msg>
<arg>${locator}</arg>
<doc>Click the element identified by ``locator``.</doc>
<status status="PASS" start="2025-08-06T14:01:55.279216" elapsed="0.100787"/>
</kw>
<arg>5x</arg>
<arg>2s</arg>
<arg>Click Element</arg>
<arg>${locator}</arg>
<doc>Runs the specified keyword and retries if it fails.</doc>
<status status="PASS" start="2025-08-06T14:01:55.279216" elapsed="0.101780"/>
</kw>
<arg>xpath=//label[@for="gender-radio-1"]</arg>
<status status="PASS" start="2025-08-06T14:01:55.279216" elapsed="0.101780"/>
</kw>
<kw name="Click ele" owner="CommonKeywords">
<kw name="Wait Until Keyword Succeeds" owner="BuiltIn">
<kw name="Click Element" owner="SeleniumLibrary">
<msg time="2025-08-06T14:01:55.386612" level="INFO">Clicking element 'id=userNumber'.</msg>
<arg>${locator}</arg>
<doc>Click the element identified by ``locator``.</doc>
<status status="PASS" start="2025-08-06T14:01:55.386612" elapsed="0.077045"/>
</kw>
<arg>5x</arg>
<arg>2s</arg>
<arg>Click Element</arg>
<arg>${locator}</arg>
<doc>Runs the specified keyword and retries if it fails.</doc>
<status status="PASS" start="2025-08-06T14:01:55.384761" elapsed="0.078896"/>
</kw>
<arg>id=userNumber</arg>
<status status="PASS" start="2025-08-06T14:01:55.383253" elapsed="0.080404"/>
</kw>
<kw name="Inputsomething" owner="CommonKeywords">
<kw name="Wait Until Keyword Succeeds" owner="BuiltIn">
<kw name="Input Text" owner="SeleniumLibrary">
<msg time="2025-08-06T14:01:55.469042" level="INFO">Typing text '0875554444' into text field 'id=userNumber'.</msg>
<arg>${locator}</arg>
<arg>${text}</arg>
<doc>Types the given ``text`` into the text field identified by ``locator``.</doc>
<status status="PASS" start="2025-08-06T14:01:55.467900" elapsed="0.091397"/>
</kw>
<arg>5x</arg>
<arg>2s</arg>
<arg>Input Text</arg>
<arg>${locator}</arg>
<arg>${text}</arg>
<doc>Runs the specified keyword and retries if it fails.</doc>
<status status="PASS" start="2025-08-06T14:01:55.466761" elapsed="0.092536"/>
</kw>
<arg>id=userNumber</arg>
<arg>${Tel}</arg>
<status status="PASS" start="2025-08-06T14:01:55.465750" elapsed="0.093547"/>
</kw>
<kw name="Sleep" owner="BuiltIn">
<msg time="2025-08-06T14:01:56.560485" level="INFO">Slept 1 second.</msg>
<arg>1s</arg>
<doc>Pauses the test executed for the given time.</doc>
<status status="PASS" start="2025-08-06T14:01:55.559297" elapsed="1.001188"/>
</kw>
<kw name="Click ele" owner="CommonKeywords">
<kw name="Wait Until Keyword Succeeds" owner="BuiltIn">
<kw name="Click Element" owner="SeleniumLibrary">
<msg time="2025-08-06T14:01:56.565480" level="INFO">Clicking element 'id=dateOfBirthInput'.</msg>
<arg>${locator}</arg>
<doc>Click the element identified by ``locator``.</doc>
<status status="PASS" start="2025-08-06T14:01:56.564389" elapsed="0.214792"/>
</kw>
<arg>5x</arg>
<arg>2s</arg>
<arg>Click Element</arg>
<arg>${locator}</arg>
<doc>Runs the specified keyword and retries if it fails.</doc>
<status status="PASS" start="2025-08-06T14:01:56.562533" elapsed="0.216648"/>
</kw>
<arg>id=dateOfBirthInput</arg>
<status status="PASS" start="2025-08-06T14:01:56.562533" elapsed="0.216648"/>
</kw>
<kw name="Wait Until Element Is Visible" owner="SeleniumLibrary">
<arg>xpath=//select[@class="react-datepicker__month-select"]</arg>
<arg>timeout=5s</arg>
<doc>Waits until the element ``locator`` is visible.</doc>
<status status="PASS" start="2025-08-06T14:01:56.780214" elapsed="0.029421"/>
</kw>
<kw name="Choose label" owner="CommonKeywords">
<kw name="Wait Until Keyword Succeeds" owner="BuiltIn">
<kw name="Select From List By Label" owner="SeleniumLibrary">
<msg time="2025-08-06T14:01:56.810666" level="INFO">Selecting options from selection list 'xpath=//select[@class="react-datepicker__month-select"]' by label January.</msg>
<arg>${locator}</arg>
<arg>${text}</arg>
<doc>Selects options from selection list ``locator`` by ``labels``.</doc>
<status status="PASS" start="2025-08-06T14:01:56.810666" elapsed="0.115867"/>
</kw>
<arg>5x</arg>
<arg>2s</arg>
<arg>Select From List By Label</arg>
<arg>${locator}</arg>
<arg>${text}</arg>
<doc>Runs the specified keyword and retries if it fails.</doc>
<status status="PASS" start="2025-08-06T14:01:56.810666" elapsed="0.115867"/>
</kw>
<arg>xpath=//select[@class="react-datepicker__month-select"]</arg>
<arg>January</arg>
<status status="PASS" start="2025-08-06T14:01:56.809635" elapsed="0.118707"/>
</kw>
<kw name="Choose label" owner="CommonKeywords">
<kw name="Wait Until Keyword Succeeds" owner="BuiltIn">
<kw name="Select From List By Label" owner="SeleniumLibrary">
<msg time="2025-08-06T14:01:56.929351" level="INFO">Selecting options from selection list 'xpath=//select[@class="react-datepicker__year-select"]' by label 1998.</msg>
<arg>${locator}</arg>
<arg>${text}</arg>
<doc>Selects options from selection list ``locator`` by ``labels``.</doc>
<status status="PASS" start="2025-08-06T14:01:56.929351" elapsed="0.084121"/>
</kw>
<arg>5x</arg>
<arg>2s</arg>
<arg>Select From List By Label</arg>
<arg>${locator}</arg>
<arg>${text}</arg>
<doc>Runs the specified keyword and retries if it fails.</doc>
<status status="PASS" start="2025-08-06T14:01:56.929351" elapsed="0.084121"/>
</kw>
<arg>xpath=//select[@class="react-datepicker__year-select"]</arg>
<arg>1998</arg>
<status status="PASS" start="2025-08-06T14:01:56.928342" elapsed="0.085130"/>
</kw>
<kw name="Sleep" owner="BuiltIn">
<msg time="2025-08-06T14:01:58.014739" level="INFO">Slept 1 second.</msg>
<arg>1s</arg>
<doc>Pauses the test executed for the given time.</doc>
<status status="PASS" start="2025-08-06T14:01:57.013472" elapsed="1.002508"/>
</kw>
<kw name="Click ele" owner="CommonKeywords">
<kw name="Wait Until Keyword Succeeds" owner="BuiltIn">
<kw name="Click Element" owner="SeleniumLibrary">
<msg time="2025-08-06T14:01:58.019027" level="INFO">Clicking element 'xpath=//div[@class="react-datepicker__day react-datepicker__day--001"]'.</msg>
<arg>${locator}</arg>
<doc>Click the element identified by ``locator``.</doc>
<status status="PASS" start="2025-08-06T14:01:58.019027" elapsed="0.086753"/>
</kw>
<arg>5x</arg>
<arg>2s</arg>
<arg>Click Element</arg>
<arg>${locator}</arg>
<doc>Runs the specified keyword and retries if it fails.</doc>
<status status="PASS" start="2025-08-06T14:01:58.017967" elapsed="0.087813"/>
</kw>
<arg>xpath=//div[@class="react-datepicker__day react-datepicker__day--001"]</arg>
<status status="PASS" start="2025-08-06T14:01:58.016487" elapsed="0.089293"/>
</kw>
<status status="PASS" start="2025-08-06T14:01:50.687075" elapsed="7.419702"/>
</test>
<test id="s1-s1-s1-s1-t4" name="Fill form inner-info" line="64">
<kw name="Click ele" owner="CommonKeywords">
<kw name="Wait Until Keyword Succeeds" owner="BuiltIn">
<kw name="Click Element" owner="SeleniumLibrary">
<msg time="2025-08-06T14:01:58.126703" level="INFO">Clicking element 'xpath=//div[@class="subjects-auto-complete__control css-yk16xz-control"]'.</msg>
<arg>${locator}</arg>
<doc>Click the element identified by ``locator``.</doc>
<status status="PASS" start="2025-08-06T14:01:58.126703" elapsed="0.082508"/>
</kw>
<arg>5x</arg>
<arg>2s</arg>
<arg>Click Element</arg>
<arg>${locator}</arg>
<doc>Runs the specified keyword and retries if it fails.</doc>
<status status="PASS" start="2025-08-06T14:01:58.125705" elapsed="0.083506"/>
</kw>
<arg>xpath=//div[@class="subjects-auto-complete__control css-yk16xz-control"]</arg>
<status status="PASS" start="2025-08-06T14:01:58.125705" elapsed="0.083506"/>
</kw>
<kw name="Inputsomething" owner="CommonKeywords">
<kw name="Wait Until Keyword Succeeds" owner="BuiltIn">
<kw name="Input Text" owner="SeleniumLibrary">
<msg time="2025-08-06T14:01:58.211412" level="INFO">Typing text 'Ph' into text field 'id=subjectsInput'.</msg>
<arg>${locator}</arg>
<arg>${text}</arg>
<doc>Types the given ``text`` into the text field identified by ``locator``.</doc>
<status status="PASS" start="2025-08-06T14:01:58.211412" elapsed="0.091737"/>
</kw>
<arg>5x</arg>
<arg>2s</arg>
<arg>Input Text</arg>
<arg>${locator}</arg>
<arg>${text}</arg>
<doc>Runs the specified keyword and retries if it fails.</doc>
<status status="PASS" start="2025-08-06T14:01:58.210222" elapsed="0.092927"/>
</kw>
<arg>id=subjectsInput</arg>
<arg>${Subject1}</arg>
<status status="PASS" start="2025-08-06T14:01:58.210222" elapsed="0.094435"/>
</kw>
<kw name="Wait Until Element Is Visible" owner="SeleniumLibrary">
<arg>xpath=//div[@class="subjects-auto-complete__menu-list subjects-auto-complete__menu-list--is-multi css-11unzgr"]</arg>
<arg>timeout=5s</arg>
<doc>Waits until the element ``locator`` is visible.</doc>
<status status="PASS" start="2025-08-06T14:01:58.307727" elapsed="0.035310"/>
</kw>
<kw name="Click ele" owner="CommonKeywords">
<kw name="Wait Until Keyword Succeeds" owner="BuiltIn">
<kw name="Click Element" owner="SeleniumLibrary">
<msg time="2025-08-06T14:01:58.344323" level="INFO">Clicking element 'xpath=//div[@class="subjects-auto-complete__menu-list subjects-auto-complete__menu-list--is-multi css-11unzgr"][1]'.</msg>
<arg>${locator}</arg>
<doc>Click the element identified by ``locator``.</doc>
<status status="PASS" start="2025-08-06T14:01:58.344323" elapsed="0.094145"/>
</kw>
<arg>5x</arg>
<arg>2s</arg>
<arg>Click Element</arg>
<arg>${locator}</arg>
<doc>Runs the specified keyword and retries if it fails.</doc>
<status status="PASS" start="2025-08-06T14:01:58.344323" elapsed="0.094145"/>
</kw>
<arg>xpath=//div[@class="subjects-auto-complete__menu-list subjects-auto-complete__menu-list--is-multi css-11unzgr"][1]</arg>
<status status="PASS" start="2025-08-06T14:01:58.343037" elapsed="0.095431"/>
</kw>
<kw name="Inputsomething" owner="CommonKeywords">
<kw name="Wait Until Keyword Succeeds" owner="BuiltIn">
<kw name="Input Text" owner="SeleniumLibrary">
<msg time="2025-08-06T14:01:58.441170" level="INFO">Typing text 'Ch' into text field 'id=subjectsInput'.</msg>
<arg>${locator}</arg>
<arg>${text}</arg>
<doc>Types the given ``text`` into the text field identified by ``locator``.</doc>
<status status="PASS" start="2025-08-06T14:01:58.441170" elapsed="0.071635"/>
</kw>
<arg>5x</arg>
<arg>2s</arg>
<arg>Input Text</arg>
<arg>${locator}</arg>
<arg>${text}</arg>
<doc>Runs the specified keyword and retries if it fails.</doc>
<status status="PASS" start="2025-08-06T14:01:58.439679" elapsed="0.073126"/>
</kw>
<arg>id=subjectsInput</arg>
<arg>${Subject2}</arg>
<status status="PASS" start="2025-08-06T14:01:58.439679" elapsed="0.073126"/>
</kw>
<kw name="Wait Until Element Is Visible" owner="SeleniumLibrary">
<arg>xpath=//div[@class="subjects-auto-complete__menu-list subjects-auto-complete__menu-list--is-multi css-11unzgr"]</arg>
<arg>timeout=5s</arg>
<doc>Waits until the element ``locator`` is visible.</doc>
<status status="PASS" start="2025-08-06T14:01:58.514309" elapsed="0.023150"/>
</kw>
<kw name="Click ele" owner="CommonKeywords">
<kw name="Wait Until Keyword Succeeds" owner="BuiltIn">
<kw name="Click Element" owner="SeleniumLibrary">
<msg time="2025-08-06T14:01:58.540051" level="INFO">Clicking element 'xpath=//div[@class="subjects-auto-complete__menu-list subjects-auto-complete__menu-list--is-multi css-11unzgr"][1]'.</msg>
<arg>${locator}</arg>
<doc>Click the element identified by ``locator``.</doc>
<status status="PASS" start="2025-08-06T14:01:58.540051" elapsed="0.062783"/>
</kw>
<arg>5x</arg>
<arg>2s</arg>
<arg>Click Element</arg>
<arg>${locator}</arg>
<doc>Runs the specified keyword and retries if it fails.</doc>
<status status="PASS" start="2025-08-06T14:01:58.538979" elapsed="0.063855"/>
</kw>
<arg>xpath=//div[@class="subjects-auto-complete__menu-list subjects-auto-complete__menu-list--is-multi css-11unzgr"][1]</arg>
<status status="PASS" start="2025-08-06T14:01:58.538979" elapsed="0.063855"/>
</kw>
<kw name="Click ele" owner="CommonKeywords">
<kw name="Wait Until Keyword Succeeds" owner="BuiltIn">
<kw name="Click Element" owner="SeleniumLibrary">
<msg time="2025-08-06T14:01:58.605368" level="INFO">Clicking element 'xpath=//label[@for="hobbies-checkbox-1"]'.</msg>
<arg>${locator}</arg>
<doc>Click the element identified by ``locator``.</doc>
<status status="PASS" start="2025-08-06T14:01:58.605368" elapsed="0.093777"/>
</kw>
<arg>5x</arg>
<arg>2s</arg>
<arg>Click Element</arg>
<arg>${locator}</arg>
<doc>Runs the specified keyword and retries if it fails.</doc>
<status status="PASS" start="2025-08-06T14:01:58.604343" elapsed="0.095879"/>
</kw>
<arg>xpath=//label[@for="hobbies-checkbox-1"]</arg>
<status status="PASS" start="2025-08-06T14:01:58.604343" elapsed="0.096886"/>
</kw>
<kw name="Click ele" owner="CommonKeywords">
<kw name="Wait Until Keyword Succeeds" owner="BuiltIn">
<kw name="Click Element" owner="SeleniumLibrary">
<msg time="2025-08-06T14:01:58.703734" level="INFO">Clicking element 'xpath=//label[@for="hobbies-checkbox-2"]'.</msg>
<arg>${locator}</arg>
<doc>Click the element identified by ``locator``.</doc>
<status status="PASS" start="2025-08-06T14:01:58.703734" elapsed="0.093225"/>
</kw>
<arg>5x</arg>
<arg>2s</arg>
<arg>Click Element</arg>
<arg>${locator}</arg>
<doc>Runs the specified keyword and retries if it fails.</doc>
<status status="PASS" start="2025-08-06T14:01:58.702690" elapsed="0.094269"/>
</kw>
<arg>xpath=//label[@for="hobbies-checkbox-2"]</arg>
<status status="PASS" start="2025-08-06T14:01:58.701229" elapsed="0.095730"/>
</kw>
<kw name="Click ele" owner="CommonKeywords">
<kw name="Wait Until Keyword Succeeds" owner="BuiltIn">
<kw name="Click Element" owner="SeleniumLibrary">
<msg time="2025-08-06T14:01:58.803821" level="INFO">Clicking element 'xpath=//label[@for="hobbies-checkbox-3"]'.</msg>
<arg>${locator}</arg>
<doc>Click the element identified by ``locator``.</doc>
<status status="PASS" start="2025-08-06T14:01:58.802769" elapsed="0.110358"/>
</kw>
<arg>5x</arg>
<arg>2s</arg>
<arg>Click Element</arg>
<arg>${locator}</arg>
<doc>Runs the specified keyword and retries if it fails.</doc>
<status status="PASS" start="2025-08-06T14:01:58.802769" elapsed="0.110358"/>
</kw>
<arg>xpath=//label[@for="hobbies-checkbox-3"]</arg>
<status status="PASS" start="2025-08-06T14:01:58.801273" elapsed="0.111854"/>
</kw>
<kw name="Uploadfile" owner="CommonKeywords">
<kw name="Wait Until Keyword Succeeds" owner="BuiltIn">
<kw name="Choose File" owner="SeleniumLibrary">
<msg time="2025-08-06T14:01:58.918731" level="INFO">Sending C:\Users\User\Pictures\456591.jpg to browser.</msg>
<arg>${locator}</arg>
<arg>${file_path}</arg>
<doc>Inputs the ``file_path`` into the file input field ``locator``.</doc>
<status status="PASS" start="2025-08-06T14:01:58.918731" elapsed="0.040057"/>
</kw>
<arg>1x</arg>
<arg>2s</arg>
<arg>Choose File</arg>
<arg>${locator}</arg>
<arg>${file_path}</arg>
<doc>Runs the specified keyword and retries if it fails.</doc>
<status status="PASS" start="2025-08-06T14:01:58.917720" elapsed="0.041068"/>
</kw>
<arg>id=uploadPicture</arg>
<arg>C:/Users/User/Pictures/456591.jpg</arg>
<status status="PASS" start="2025-08-06T14:01:58.913127" elapsed="0.045661"/>
</kw>
<kw name="Click ele" owner="CommonKeywords">
<kw name="Wait Until Keyword Succeeds" owner="BuiltIn">
<kw name="Click Element" owner="SeleniumLibrary">
<msg time="2025-08-06T14:01:58.960849" level="INFO">Clicking element 'id=currentAddress'.</msg>
<arg>${locator}</arg>
<doc>Click the element identified by ``locator``.</doc>
<status status="PASS" start="2025-08-06T14:01:58.959810" elapsed="0.092086"/>
</kw>
<arg>5x</arg>
<arg>2s</arg>
<arg>Click Element</arg>
<arg>${locator}</arg>
<doc>Runs the specified keyword and retries if it fails.</doc>
<status status="PASS" start="2025-08-06T14:01:58.959810" elapsed="0.092086"/>
</kw>
<arg>id=currentAddress</arg>
<status status="PASS" start="2025-08-06T14:01:58.959810" elapsed="0.093082"/>
</kw>
<kw name="Inputsomething" owner="CommonKeywords">
<kw name="Wait Until Keyword Succeeds" owner="BuiltIn">
<kw name="Input Text" owner="SeleniumLibrary">
<msg time="2025-08-06T14:01:59.057962" level="INFO">Typing text '126/180 Samwar Road Soi8 distinct Khongsamwa BKK. 10510' into text field 'id=currentAddress'.</msg>
<arg>${locator}</arg>
<arg>${text}</arg>
<doc>Types the given ``text`` into the text field identified by ``locator``.</doc>
<status status="PASS" start="2025-08-06T14:01:59.056957" elapsed="0.185402"/>
</kw>
<arg>5x</arg>
<arg>2s</arg>
<arg>Input Text</arg>
<arg>${locator}</arg>
<arg>${text}</arg>
<doc>Runs the specified keyword and retries if it fails.</doc>
<status status="PASS" start="2025-08-06T14:01:59.055451" elapsed="0.186908"/>
</kw>
<arg>id=currentAddress</arg>
<arg>${Address1}</arg>
<status status="PASS" start="2025-08-06T14:01:59.054401" elapsed="0.188996"/>
</kw>
<kw name="Click ele" owner="CommonKeywords">
<kw name="Wait Until Keyword Succeeds" owner="BuiltIn">
<kw name="Click Element" owner="SeleniumLibrary">
<msg time="2025-08-06T14:01:59.244920" level="INFO">Clicking element 'id=state'.</msg>
<arg>${locator}</arg>
<doc>Click the element identified by ``locator``.</doc>
<status status="PASS" start="2025-08-06T14:01:59.244920" elapsed="0.089577"/>
</kw>
<arg>5x</arg>
<arg>2s</arg>
<arg>Click Element</arg>
<arg>${locator}</arg>
<doc>Runs the specified keyword and retries if it fails.</doc>
<status status="PASS" start="2025-08-06T14:01:59.244402" elapsed="0.090095"/>
</kw>
<arg>id=state</arg>
<status status="PASS" start="2025-08-06T14:01:59.243397" elapsed="0.091100"/>
</kw>
<kw name="Wait Until Element Is Visible" owner="SeleniumLibrary">
<arg>xpath=//div[@class=" css-11unzgr"]</arg>
<arg>timeout=5s</arg>
<doc>Waits until the element ``locator`` is visible.</doc>
<status status="PASS" start="2025-08-06T14:01:59.335625" elapsed="0.023659"/>
</kw>
<kw name="Click ele" owner="CommonKeywords">
<kw name="Wait Until Keyword Succeeds" owner="BuiltIn">
<kw name="Click Element" owner="SeleniumLibrary">
<msg time="2025-08-06T14:01:59.361368" level="INFO">Clicking element 'xpath=//div[@class=" css-1n7v3ny-option"]'.</msg>
<arg>${locator}</arg>
<doc>Click the element identified by ``locator``.</doc>
<status status="PASS" start="2025-08-06T14:01:59.360318" elapsed="0.182888"/>
</kw>
<arg>5x</arg>
<arg>2s</arg>
<arg>Click Element</arg>
<arg>${locator}</arg>
<doc>Runs the specified keyword and retries if it fails.</doc>
<status status="PASS" start="2025-08-06T14:01:59.360318" elapsed="0.182888"/>
</kw>
<arg>xpath=//div[@class=" css-1n7v3ny-option"]</arg>
<status status="PASS" start="2025-08-06T14:01:59.360318" elapsed="0.182888"/>
</kw>
<kw name="Sleep" owner="BuiltIn">
<msg time="2025-08-06T14:02:00.545289" level="INFO">Slept 1 second.</msg>
<arg>1s</arg>
<doc>Pauses the test executed for the given time.</doc>
<status status="PASS" start="2025-08-06T14:01:59.544732" elapsed="1.000557"/>
</kw>
<kw name="Click ele" owner="CommonKeywords">
<kw name="Wait Until Keyword Succeeds" owner="BuiltIn">
<kw name="Click Element" owner="SeleniumLibrary">
<msg time="2025-08-06T14:02:00.548853" level="INFO">Clicking element 'id=city'.</msg>
<arg>${locator}</arg>
<doc>Click the element identified by ``locator``.</doc>
<status status="PASS" start="2025-08-06T14:02:00.548853" elapsed="0.107987"/>
</kw>
<arg>5x</arg>
<arg>2s</arg>
<arg>Click Element</arg>
<arg>${locator}</arg>
<doc>Runs the specified keyword and retries if it fails.</doc>
<status status="PASS" start="2025-08-06T14:02:00.547839" elapsed="0.109001"/>
</kw>
<arg>id=city</arg>
<status status="PASS" start="2025-08-06T14:02:00.546833" elapsed="0.110007"/>
</kw>
<kw name="Click ele" owner="CommonKeywords">
<kw name="Wait Until Keyword Succeeds" owner="BuiltIn">
<kw name="Click Element" owner="SeleniumLibrary">
<msg time="2025-08-06T14:02:00.659545" level="INFO">Clicking element 'xpath=//div[@class=" css-yt9ioa-option"]'.</msg>
<arg>${locator}</arg>
<doc>Click the element identified by ``locator``.</doc>
<status status="PASS" start="2025-08-06T14:02:00.659545" elapsed="0.104812"/>
</kw>
<arg>5x</arg>
<arg>2s</arg>
<arg>Click Element</arg>
<arg>${locator}</arg>
<doc>Runs the specified keyword and retries if it fails.</doc>
<status status="PASS" start="2025-08-06T14:02:00.658533" elapsed="0.108206"/>
</kw>
<arg>xpath=//div[@class=" css-yt9ioa-option"]</arg>
<status status="PASS" start="2025-08-06T14:02:00.656840" elapsed="0.110934"/>
</kw>
<status status="PASS" start="2025-08-06T14:01:58.112018" elapsed="2.657770"/>
</test>
<test id="s1-s1-s1-s1-t5" name="Press Submit Form" line="92">
<kw name="Click but" owner="CommonKeywords">
<kw name="Wait Until Keyword Succeeds" owner="BuiltIn">
<kw name="Click Button" owner="SeleniumLibrary">
<msg time="2025-08-06T14:02:00.788530" level="INFO">Clicking button 'id=submit'.</msg>
<arg>${locator}</arg>
<doc>Clicks the button identified by ``locator``.</doc>
<status status="PASS" start="2025-08-06T14:02:00.786518" elapsed="0.109601"/>
</kw>
<arg>1x</arg>
<arg>2s</arg>
<arg>Click Button</arg>
<arg>${locator}</arg>
<doc>Runs the specified keyword and retries if it fails.</doc>
<status status="PASS" start="2025-08-06T14:02:00.782893" elapsed="0.113226"/>
</kw>
<arg>id=submit</arg>
<status status="PASS" start="2025-08-06T14:02:00.780901" elapsed="0.115218"/>
</kw>
<status status="PASS" start="2025-08-06T14:02:00.776683" elapsed="0.121691"/>
</test>
<status status="PASS" start="2025-08-06T14:01:30.119014" elapsed="30.790491"/>
</suite>
<status status="PASS" start="2025-08-06T14:01:30.111035" elapsed="30.811051"/>
</suite>
<status status="PASS" start="2025-08-06T14:01:30.101368" elapsed="30.842930"/>
</suite>
<status status="PASS" start="2025-08-06T14:01:30.053112" elapsed="30.912358"/>
</suite>
<statistics>
<total>
<stat pass="5" fail="0" skip="0">All Tests</stat>
</total>
<tag>
</tag>
<suite>
<stat pass="5" fail="0" skip="0" id="s1" name="Webautomate01">Webautomate01</stat>
<stat pass="5" fail="0" skip="0" id="s1-s1" name="Webautomate">Webautomate01.Webautomate</stat>
<stat pass="5" fail="0" skip="0" id="s1-s1-s1" name="Testcase">Webautomate01.Webautomate.Testcase</stat>
<stat pass="5" fail="0" skip="0" id="s1-s1-s1-s1" name="Myself01">Webautomate01.Webautomate.Testcase.Myself01</stat>
</suite>
</statistics>
<errors>
</errors>
</robot>
